{
  "RSpec": {
    "coverage": {
      "/Users/marygloriafernandezfernandez/Personal/pabilos/portfolio/app/controllers/application_controller.rb": [
        1,
        1,
        1,
        null
      ],
      "/Users/marygloriafernandezfernandez/Personal/pabilos/portfolio/app/helpers/application_helper.rb": [
        1,
        null,
        null,
        1,
        173,
        173,
        19,
        null,
        154,
        null,
        null,
        null
      ],
      "/Users/marygloriafernandezfernandez/Personal/pabilos/portfolio/app/helpers/microposts_helper.rb": [
        1,
        null,
        1,
        0,
        null,
        null,
        1,
        null,
        1,
        0,
        0,
        0,
        0,
        null,
        null
      ],
      "/Users/marygloriafernandezfernandez/Personal/pabilos/portfolio/app/helpers/sessions_helper.rb": [
        1,
        null,
        1,
        52,
        52,
        null,
        null,
        1,
        253,
        null,
        null,
        null,
        1,
        53,
        null,
        null,
        1,
        602,
        null,
        null,
        1,
        35,
        null,
        null,
        1,
        49,
        4,
        4,
        null,
        null,
        null,
        1,
        1,
        1,
        null,
        null,
        1,
        47,
        47,
        null,
        null,
        1,
        4,
        null,
        null
      ],
      "/Users/marygloriafernandezfernandez/Personal/pabilos/portfolio/app/helpers/static_pages_helper.rb": [
        1,
        null
      ],
      "/Users/marygloriafernandezfernandez/Personal/pabilos/portfolio/app/helpers/users_helper.rb": [
        1,
        null,
        1,
        116,
        116,
        116,
        null,
        null
      ],
      "/Users/marygloriafernandezfernandez/Personal/pabilos/portfolio/app/controllers/experiences_controller.rb": [
        1,
        1,
        1,
        null,
        1,
        2,
        2,
        null,
        null,
        1,
        1,
        1,
        null,
        null,
        1,
        5,
        5,
        5,
        3,
        3,
        null,
        2,
        null,
        null,
        null,
        1,
        1,
        1,
        null,
        null,
        1,
        2,
        2,
        2,
        2,
        null,
        null,
        null,
        1,
        1,
        1,
        null,
        null,
        1,
        5,
        5,
        3,
        3,
        null,
        2,
        null,
        null,
        null,
        1,
        null,
        1,
        7,
        7,
        null,
        null,
        null
      ],
      "/Users/marygloriafernandezfernandez/Personal/pabilos/portfolio/app/models/experience.rb": [
        1,
        1,
        1,
        null,
        1,
        null,
        1,
        1,
        1,
        null,
        null
      ],
      "/Users/marygloriafernandezfernandez/Personal/pabilos/portfolio/app/controllers/microposts_controller.rb": [
        1,
        1,
        1,
        null,
        1,
        3,
        3,
        1,
        1,
        null,
        2,
        2,
        null,
        null,
        null,
        1,
        1,
        1,
        null,
        null,
        1,
        null,
        1,
        1,
        1,
        null,
        null
      ],
      "/Users/marygloriafernandezfernandez/Personal/pabilos/portfolio/app/models/micropost.rb": [
        null,
        null,
        null,
        null,
        null,
        null,
        null,
        null,
        null,
        null,
        null,
        1,
        1,
        1,
        null,
        1,
        null,
        1,
        1,
        null
      ],
      "/Users/marygloriafernandezfernandez/Personal/pabilos/portfolio/app/controllers/sessions_controller.rb": [
        1,
        1,
        null,
        null,
        null,
        1,
        50,
        50,
        47,
        47,
        null,
        3,
        3,
        null,
        null,
        null,
        1,
        1,
        1,
        null,
        null
      ],
      "/Users/marygloriafernandezfernandez/Personal/pabilos/portfolio/app/controllers/static_pages_controller.rb": [
        1,
        null,
        1,
        16,
        8,
        8,
        null,
        null,
        null,
        1,
        null,
        null,
        1,
        null,
        null,
        1,
        null,
        null,
        1,
        null,
        null,
        null
      ],
      "/Users/marygloriafernandezfernandez/Personal/pabilos/portfolio/app/controllers/users_controller.rb": [
        1,
        1,
        1,
        1,
        null,
        1,
        10,
        null,
        null,
        1,
        56,
        56,
        null,
        null,
        1,
        4,
        null,
        null,
        1,
        2,
        2,
        1,
        1,
        1,
        null,
        1,
        null,
        null,
        null,
        1,
        7,
        null,
        null,
        1,
        5,
        5,
        4,
        4,
        4,
        null,
        1,
        null,
        null,
        null,
        1,
        1,
        1,
        1,
        null,
        null,
        1,
        1,
        14,
        14,
        null,
        1,
        2,
        null,
        null
      ],
      "/Users/marygloriafernandezfernandez/Personal/pabilos/portfolio/app/models/user.rb": [
        null,
        null,
        null,
        null,
        null,
        null,
        null,
        null,
        null,
        null,
        null,
        null,
        null,
        null,
        null,
        1,
        1,
        1,
        1,
        1,
        null,
        134,
        1,
        null,
        null,
        1,
        null,
        null,
        1,
        1,
        null,
        null,
        null,
        1,
        1,
        null,
        1,
        15,
        null,
        null,
        1,
        1,
        133,
        null,
        null
      ]
    },
    "timestamp": 1355737734
  }
}
