{
  "RSpec": {
    "coverage": {
      "/Users/marygloriafernandezfernandez/Personal/pabilos/portfolio/app/controllers/application_controller.rb": [
        1,
        1,
        1,
        null
      ],
      "/Users/marygloriafernandezfernandez/Personal/pabilos/portfolio/app/helpers/application_helper.rb": [
        1,
        null,
        null,
        1,
        175,
        175,
        19,
        null,
        156,
        null,
        null,
        null
      ],
      "/Users/marygloriafernandezfernandez/Personal/pabilos/portfolio/app/helpers/microposts_helper.rb": [
        1,
        null,
        1,
        0,
        null,
        null,
        1,
        null,
        1,
        0,
        0,
        0,
        0,
        null,
        null
      ],
      "/Users/marygloriafernandezfernandez/Personal/pabilos/portfolio/app/helpers/sessions_helper.rb": [
        1,
        null,
        1,
        53,
        53,
        null,
        null,
        1,
        256,
        null,
        null,
        null,
        1,
        54,
        null,
        null,
        1,
        608,
        null,
        null,
        1,
        35,
        null,
        null,
        1,
        50,
        4,
        4,
        null,
        null,
        null,
        1,
        1,
        1,
        null,
        null,
        1,
        48,
        48,
        null,
        null,
        1,
        4,
        null,
        null
      ],
      "/Users/marygloriafernandezfernandez/Personal/pabilos/portfolio/app/helpers/static_pages_helper.rb": [
        1,
        null
      ],
      "/Users/marygloriafernandezfernandez/Personal/pabilos/portfolio/app/helpers/users_helper.rb": [
        1,
        null,
        1,
        117,
        117,
        117,
        null,
        null
      ],
      "/Users/marygloriafernandezfernandez/Personal/pabilos/portfolio/app/controllers/experiences_controller.rb": [
        1,
        1,
        1,
        null,
        1,
        2,
        2,
        null,
        null,
        1,
        1,
        1,
        null,
        null,
        1,
        5,
        5,
        5,
        3,
        3,
        null,
        2,
        null,
        null,
        null,
        1,
        1,
        1,
        null,
        null,
        1,
        2,
        2,
        2,
        2,
        null,
        null,
        null,
        1,
        1,
        1,
        null,
        null,
        1,
        5,
        5,
        3,
        3,
        null,
        2,
        null,
        null,
        null,
        1,
        1,
        1,
        1,
        1,
        1,
        null,
        null,
        1,
        null,
        1,
        7,
        7,
        null,
        null,
        null
      ],
      "/Users/marygloriafernandezfernandez/Personal/pabilos/portfolio/app/models/experience.rb": [
        1,
        1,
        1,
        null,
        1,
        null,
        1,
        1,
        1,
        null,
        null
      ],
      "/Users/marygloriafernandezfernandez/Personal/pabilos/portfolio/app/controllers/microposts_controller.rb": [
        1,
        1,
        1,
        null,
        1,
        3,
        3,
        1,
        1,
        null,
        2,
        2,
        null,
        null,
        null,
        1,
        1,
        1,
        null,
        null,
        1,
        null,
        1,
        1,
        1,
        null,
        null
      ],
      "/Users/marygloriafernandezfernandez/Personal/pabilos/portfolio/app/models/micropost.rb": [
        null,
        null,
        null,
        null,
        null,
        null,
        null,
        null,
        null,
        null,
        null,
        1,
        1,
        1,
        null,
        1,
        null,
        1,
        1,
        null
      ],
      "/Users/marygloriafernandezfernandez/Personal/pabilos/portfolio/app/controllers/sessions_controller.rb": [
        1,
        1,
        null,
        null,
        null,
        1,
        51,
        51,
        48,
        48,
        null,
        3,
        3,
        null,
        null,
        null,
        1,
        1,
        1,
        null,
        null
      ],
      "/Users/marygloriafernandezfernandez/Personal/pabilos/portfolio/app/controllers/static_pages_controller.rb": [
        1,
        null,
        1,
        16,
        8,
        8,
        null,
        null,
        null,
        1,
        null,
        null,
        1,
        null,
        null,
        1,
        null,
        null,
        1,
        null,
        null,
        null
      ],
      "/Users/marygloriafernandezfernandez/Personal/pabilos/portfolio/app/controllers/users_controller.rb": [
        1,
        1,
        1,
        1,
        null,
        1,
        10,
        null,
        null,
        1,
        57,
        57,
        null,
        null,
        1,
        4,
        null,
        null,
        1,
        2,
        2,
        1,
        1,
        1,
        null,
        1,
        null,
        null,
        null,
        1,
        7,
        null,
        null,
        1,
        5,
        5,
        4,
        4,
        4,
        null,
        1,
        null,
        null,
        null,
        1,
        1,
        1,
        1,
        null,
        null,
        1,
        1,
        14,
        14,
        null,
        1,
        2,
        null,
        null
      ],
      "/Users/marygloriafernandezfernandez/Personal/pabilos/portfolio/app/models/user.rb": [
        null,
        null,
        null,
        null,
        null,
        null,
        null,
        null,
        null,
        null,
        null,
        null,
        null,
        null,
        null,
        1,
        1,
        1,
        1,
        1,
        null,
        137,
        1,
        null,
        null,
        1,
        null,
        null,
        1,
        1,
        null,
        null,
        null,
        1,
        1,
        null,
        1,
        15,
        null,
        null,
        1,
        1,
        136,
        null,
        null
      ],
      "/Users/marygloriafernandezfernandez/Personal/pabilos/portfolio/app/mailers/portfolio_mailer.rb": [
        1,
        1,
        null,
        null,
        null,
        null,
        null,
        null,
        null,
        1,
        3,
        3,
        3,
        3,
        null,
        3,
        null,
        null,
        null,
        null,
        null,
        null,
        null,
        1,
        0,
        null,
        0,
        null,
        null,
        1,
        0,
        0,
        0,
        null,
        null,
        null,
        null
      ]
    },
    "timestamp": 1356094217
  }
}
